#
# There is insufficient memory for the Java Runtime Environment to continue.
# Native memory allocation (mmap) failed to map 15204352 bytes for committing reserved memory.
# Possible reasons:
#   The system is out of physical RAM or swap space
#   In 32 bit mode, the process size limit was hit
# Possible solutions:
#   Reduce memory load on the system
#   Increase physical memory or swap space
#   Check if swap backing store is full
#   Use 64 bit Java on a 64 bit OS
#   Decrease Java heap size (-Xmx/-Xms)
#   Decrease number of Java threads
#   Decrease Java thread stack sizes (-Xss)
#   Set larger code cache with -XX:ReservedCodeCacheSize=
# This output file may be truncated or incomplete.
#
#  Out of Memory Error (os_linux.cpp:2746), pid=8812, tid=0x00007fbc90ee9700
#
# JRE version: OpenJDK Runtime Environment (8.0_191-b12) (build 1.8.0_191-8u191-b12-0ubuntu0.16.04.1-b12)
# Java VM: OpenJDK 64-Bit Server VM (25.191-b12 mixed mode linux-amd64 compressed oops)
# Failed to write core dump. Core dumps have been disabled. To enable core dumping, try "ulimit -c unlimited" before starting Java again
#

---------------  T H R E A D  ---------------

Current thread (0x00007fbca40ff000):  VMThread [stack: 0x00007fbc90de9000,0x00007fbc90eea000] [id=8823]

Stack: [0x00007fbc90de9000,0x00007fbc90eea000],  sp=0x00007fbc90ee84c0,  free space=1021k
Native frames: (J=compiled Java code, j=interpreted, Vv=VM code, C=native code)
V  [libjvm.so+0xa742ab]
V  [libjvm.so+0x4c8f4c]
V  [libjvm.so+0x8c0db8]
V  [libjvm.so+0x8b83ee]
V  [libjvm.so+0x936686]
V  [libjvm.so+0x9379b3]
V  [libjvm.so+0x93407b]
V  [libjvm.so+0x93432c]
V  [libjvm.so+0x8e5c43]
V  [libjvm.so+0xa75f52]
V  [libjvm.so+0xa7b0f7]
V  [libjvm.so+0xa787f7]
V  [libjvm.so+0xa79c7f]
V  [libjvm.so+0xa7a171]
V  [libjvm.so+0x8be122]

VM_Operation (0x00007fbcac4ad6f0): ParallelGCFailedAllocation, mode: safepoint, requested by thread 0x00007fbca400e000


---------------  P R O C E S S  ---------------

Java Threads: ( => current thread )
  0x00007fbca433c000 JavaThread "Service Thread" daemon [_thread_blocked, id=8838, stack(0x00007fbc902b4000,0x00007fbc903b5000)]
  0x00007fbca4337000 JavaThread "C1 CompilerThread1" daemon [_thread_blocked, id=8837, stack(0x00007fbc903b5000,0x00007fbc904b6000)]
  0x00007fbca435b800 JavaThread "C2 CompilerThread0" daemon [_thread_blocked, id=8836, stack(0x00007fbc904b6000,0x00007fbc905b7000)]
  0x00007fbc78001000 JavaThread "JDWP Command Reader" daemon [_thread_in_native, id=8832, stack(0x00007fbc905de000,0x00007fbc906df000)]
  0x00007fbca414c800 JavaThread "JDWP Event Helper Thread" daemon [_thread_blocked, id=8830, stack(0x00007fbc906df000,0x00007fbc907e0000)]
  0x00007fbca4149000 JavaThread "JDWP Transport Listener: dt_socket" daemon [_thread_blocked, id=8828, stack(0x00007fbc907e0000,0x00007fbc908e1000)]
  0x00007fbca413c800 JavaThread "Signal Dispatcher" daemon [_thread_blocked, id=8826, stack(0x00007fbc90ae6000,0x00007fbc90be7000)]
  0x00007fbca410b000 JavaThread "Finalizer" daemon [_thread_blocked, id=8825, stack(0x00007fbc90be7000,0x00007fbc90ce8000)]
  0x00007fbca4108800 JavaThread "Reference Handler" daemon [_thread_blocked, id=8824, stack(0x00007fbc90ce8000,0x00007fbc90de9000)]
  0x00007fbca400e000 JavaThread "main" [_thread_blocked, id=8819, stack(0x00007fbcac3ae000,0x00007fbcac4af000)]

Other Threads:
=>0x00007fbca40ff000 VMThread [stack: 0x00007fbc90de9000,0x00007fbc90eea000] [id=8823]
  0x00007fbca4289800 WatcherThread [stack: 0x00007fbc901b3000,0x00007fbc902b4000] [id=8839]

VM state:at safepoint (normal execution)

VM Mutex/Monitor currently owned by a thread:  ([mutex/lock_event])
[0x00007fbca400a950] Threads_lock - owner thread: 0x00007fbca40ff000
[0x00007fbca400ae50] Heap_lock - owner thread: 0x00007fbca400e000

Heap:
 PSYoungGen      total 66048K, used 32K [0x00000000e6700000, 0x00000000eb400000, 0x0000000100000000)
  eden space 64512K, 0% used [0x00000000e6700000,0x00000000e6700000,0x00000000ea600000)
  from space 1536K, 2% used [0x00000000eb100000,0x00000000eb108000,0x00000000eb280000)
  to   space 512K, 0% used [0x00000000eb380000,0x00000000eb380000,0x00000000eb400000)
 ParOldGen       total 53248K, used 816K [0x00000000b3400000, 0x00000000b6800000, 0x00000000e6700000)
  object space 53248K, 1% used [0x00000000b3400000,0x00000000b34cc070,0x00000000b6800000)
 Metaspace       used 5081K, capacity 5166K, committed 5504K, reserved 1056768K
  class space    used 499K, capacity 529K, committed 640K, reserved 1048576K

Card table byte_map: [0x00007fbc94d99000,0x00007fbc95000000] byte_map_base: 0x00007fbc947ff000

Marking Bits: (ParMarkBitMap*) 0x00007fbcab674520
 Begin Bits: [0x00007fbc9249e000, 0x00007fbc937ce000)
 End Bits:   [0x00007fbc937ce000, 0x00007fbc94afe000)

Polling page: 0x00007fbcac4c8000

CodeCache: size=245760Kb used=1879Kb max_used=1891Kb free=243880Kb
 bounds [0x00007fbc95000000, 0x00007fbc95270000, 0x00007fbca4000000]
 total_blobs=522 nmethods=241 adapters=204
 compilation: enabled

Compilation events (10 events):
Event: 85,247 Thread 0x00007fbca4337000 nmethod 239 0x00007fbc95195d50 code [0x00007fbc95195ec0, 0x00007fbc95196110]
Event: 85,247 Thread 0x00007fbca4337000  240       1       org.eclipse.jdt.launching.internal.org.objectweb.asm.MethodWriter::hasAsmInstructions (5 bytes)
Event: 85,247 Thread 0x00007fbca4337000 nmethod 240 0x00007fbc95188bd0 code [0x00007fbc95188d20, 0x00007fbc95188e30]
Event: 85,286 Thread 0x00007fbca4337000  241       3       bellman.GridWorld_sql::StateToGrid (28 bytes)
Event: 85,286 Thread 0x00007fbca4337000 nmethod 241 0x00007fbc95195910 code [0x00007fbc95195a80, 0x00007fbc95195c90]
Event: 85,360 Thread 0x00007fbca435b800 nmethod 232 0x00007fbc9519fcd0 code [0x00007fbc9519fea0, 0x00007fbc951a0b98]
Event: 85,360 Thread 0x00007fbca435b800  242       4       bellman.GridWorld_sql::StateToGrid (28 bytes)
Event: 85,361 Thread 0x00007fbca435b800 nmethod 242 0x00007fbc9518a110 code [0x00007fbc9518a260, 0x00007fbc9518a398]
Event: 85,361 Thread 0x00007fbca435b800  237       4       java.lang.String::<init> (82 bytes)
Event: 85,365 Thread 0x00007fbca435b800 nmethod 237 0x00007fbc9519f4d0 code [0x00007fbc9519f640, 0x00007fbc9519fa18]

GC Heap History (10 events):
Event: 66,425 GC heap after
Heap after GC invocations=14 (full 0):
 PSYoungGen      total 74752K, used 32K [0x00000000e6700000, 0x00000000eb600000, 0x0000000100000000)
  eden space 74240K, 0% used [0x00000000e6700000,0x00000000e6700000,0x00000000eaf80000)
  from space 512K, 6% used [0x00000000eb580000,0x00000000eb588000,0x00000000eb600000)
  to   space 1536K, 0% used [0x00000000eb300000,0x00000000eb300000,0x00000000eb480000)
 ParOldGen       total 53248K, used 808K [0x00000000b3400000, 0x00000000b6800000, 0x00000000e6700000)
  object space 53248K, 1% used [0x00000000b3400000,0x00000000b34ca070,0x00000000b6800000)
 Metaspace       used 5054K, capacity 5102K, committed 5248K, reserved 1056768K
  class space    used 498K, capacity 529K, committed 640K, reserved 1048576K
}
Event: 75,145 GC heap before
{Heap before GC invocations=15 (full 0):
 PSYoungGen      total 74752K, used 74272K [0x00000000e6700000, 0x00000000eb600000, 0x0000000100000000)
  eden space 74240K, 100% used [0x00000000e6700000,0x00000000eaf80000,0x00000000eaf80000)
  from space 512K, 6% used [0x00000000eb580000,0x00000000eb588000,0x00000000eb600000)
  to   space 1536K, 0% used [0x00000000eb300000,0x00000000eb300000,0x00000000eb480000)
 ParOldGen       total 53248K, used 808K [0x00000000b3400000, 0x00000000b6800000, 0x00000000e6700000)
  object space 53248K, 1% used [0x00000000b3400000,0x00000000b34ca070,0x00000000b6800000)
 Metaspace       used 5054K, capacity 5102K, committed 5248K, reserved 1056768K
  class space    used 498K, capacity 529K, committed 640K, reserved 1048576K
Event: 75,146 GC heap after
Heap after GC invocations=15 (full 0):
 PSYoungGen      total 73216K, used 32K [0x00000000e6700000, 0x00000000eb600000, 0x0000000100000000)
  eden space 71680K, 0% used [0x00000000e6700000,0x00000000e6700000,0x00000000ead00000)
  from space 1536K, 2% used [0x00000000eb300000,0x00000000eb308000,0x00000000eb480000)
  to   space 1536K, 0% used [0x00000000eb480000,0x00000000eb480000,0x00000000eb600000)
 ParOldGen       total 53248K, used 808K [0x00000000b3400000, 0x00000000b6800000, 0x00000000e6700000)
  object space 53248K, 1% used [0x00000000b3400000,0x00000000b34ca070,0x00000000b6800000)
 Metaspace       used 5054K, capacity 5102K, committed 5248K, reserved 1056768K
  class space    used 498K, capacity 529K, committed 640K, reserved 1048576K
}
Event: 82,118 GC heap before
{Heap before GC invocations=16 (full 0):
 PSYoungGen      total 73216K, used 71712K [0x00000000e6700000, 0x00000000eb600000, 0x0000000100000000)
  eden space 71680K, 100% used [0x00000000e6700000,0x00000000ead00000,0x00000000ead00000)
  from space 1536K, 2% used [0x00000000eb300000,0x00000000eb308000,0x00000000eb480000)
  to   space 1536K, 0% used [0x00000000eb480000,0x00000000eb480000,0x00000000eb600000)
 ParOldGen       total 53248K, used 808K [0x00000000b3400000, 0x00000000b6800000, 0x00000000e6700000)
  object space 53248K, 1% used [0x00000000b3400000,0x00000000b34ca070,0x00000000b6800000)
 Metaspace       used 5054K, capacity 5102K, committed 5248K, reserved 1056768K
  class space    used 498K, capacity 529K, committed 640K, reserved 1048576K
Event: 82,119 GC heap after
Heap after GC invocations=16 (full 0):
 PSYoungGen      total 69632K, used 32K [0x00000000e6700000, 0x00000000eb500000, 0x0000000100000000)
  eden space 69120K, 0% used [0x00000000e6700000,0x00000000e6700000,0x00000000eaa80000)
  from space 512K, 6% used [0x00000000eb480000,0x00000000eb488000,0x00000000eb500000)
  to   space 1536K, 0% used [0x00000000eb200000,0x00000000eb200000,0x00000000eb380000)
 ParOldGen       total 53248K, used 808K [0x00000000b3400000, 0x00000000b6800000, 0x00000000e6700000)
  object space 53248K, 1% used [0x00000000b3400000,0x00000000b34ca070,0x00000000b6800000)
 Metaspace       used 5054K, capacity 5102K, committed 5248K, reserved 1056768K
  class space    used 498K, capacity 529K, committed 640K, reserved 1048576K
}
Event: 91,825 GC heap before
{Heap before GC invocations=17 (full 0):
 PSYoungGen      total 69632K, used 69152K [0x00000000e6700000, 0x00000000eb500000, 0x0000000100000000)
  eden space 69120K, 100% used [0x00000000e6700000,0x00000000eaa80000,0x00000000eaa80000)
  from space 512K, 6% used [0x00000000eb480000,0x00000000eb488000,0x00000000eb500000)
  to   space 1536K, 0% used [0x00000000eb200000,0x00000000eb200000,0x00000000eb380000)
 ParOldGen       total 53248K, used 808K [0x00000000b3400000, 0x00000000b6800000, 0x00000000e6700000)
  object space 53248K, 1% used [0x00000000b3400000,0x00000000b34ca070,0x00000000b6800000)
 Metaspace       used 5081K, capacity 5166K, committed 5504K, reserved 1056768K
  class space    used 499K, capacity 529K, committed 640K, reserved 1048576K
Event: 91,826 GC heap after
Heap after GC invocations=17 (full 0):
 PSYoungGen      total 68096K, used 32K [0x00000000e6700000, 0x00000000eb500000, 0x0000000100000000)
  eden space 66560K, 0% used [0x00000000e6700000,0x00000000e6700000,0x00000000ea800000)
  from space 1536K, 2% used [0x00000000eb200000,0x00000000eb208000,0x00000000eb380000)
  to   space 1536K, 0% used [0x00000000eb380000,0x00000000eb380000,0x00000000eb500000)
 ParOldGen       total 53248K, used 808K [0x00000000b3400000, 0x00000000b6800000, 0x00000000e6700000)
  object space 53248K, 1% used [0x00000000b3400000,0x00000000b34ca070,0x00000000b6800000)
 Metaspace       used 5081K, capacity 5166K, committed 5504K, reserved 1056768K
  class space    used 499K, capacity 529K, committed 640K, reserved 1048576K
}
Event: 98,462 GC heap before
{Heap before GC invocations=18 (full 0):
 PSYoungGen      total 68096K, used 66592K [0x00000000e6700000, 0x00000000eb500000, 0x0000000100000000)
  eden space 66560K, 100% used [0x00000000e6700000,0x00000000ea800000,0x00000000ea800000)
  from space 1536K, 2% used [0x00000000eb200000,0x00000000eb208000,0x00000000eb380000)
  to   space 1536K, 0% used [0x00000000eb380000,0x00000000eb380000,0x00000000eb500000)
 ParOldGen       total 53248K, used 808K [0x00000000b3400000, 0x00000000b6800000, 0x00000000e6700000)
  object space 53248K, 1% used [0x00000000b3400000,0x00000000b34ca070,0x00000000b6800000)
 Metaspace       used 5081K, capacity 5166K, committed 5504K, reserved 1056768K
  class space    used 499K, capacity 529K, committed 640K, reserved 1048576K
Event: 98,463 GC heap after
Heap after GC invocations=18 (full 0):
 PSYoungGen      total 65024K, used 32K [0x00000000e6700000, 0x00000000eb400000, 0x0000000100000000)
  eden space 64512K, 0% used [0x00000000e6700000,0x00000000e6700000,0x00000000ea600000)
  from space 512K, 6% used [0x00000000eb380000,0x00000000eb388000,0x00000000eb400000)
  to   space 1536K, 0% used [0x00000000eb100000,0x00000000eb100000,0x00000000eb280000)
 ParOldGen       total 53248K, used 816K [0x00000000b3400000, 0x00000000b6800000, 0x00000000e6700000)
  object space 53248K, 1% used [0x00000000b3400000,0x00000000b34cc070,0x00000000b6800000)
 Metaspace       used 5081K, capacity 5166K, committed 5504K, reserved 1056768K
  class space    used 499K, capacity 529K, committed 640K, reserved 1048576K
}
Event: 105,542 GC heap before
{Heap before GC invocations=19 (full 0):
 PSYoungGen      total 65024K, used 64544K [0x00000000e6700000, 0x00000000eb400000, 0x0000000100000000)
  eden space 64512K, 100% used [0x00000000e6700000,0x00000000ea600000,0x00000000ea600000)
  from space 512K, 6% used [0x00000000eb380000,0x00000000eb388000,0x00000000eb400000)
  to   space 1536K, 0% used [0x00000000eb100000,0x00000000eb100000,0x00000000eb280000)
 ParOldGen       total 53248K, used 816K [0x00000000b3400000, 0x00000000b6800000, 0x00000000e6700000)
  object space 53248K, 1% used [0x00000000b3400000,0x00000000b34cc070,0x00000000b6800000)
 Metaspace       used 5081K, capacity 5166K, committed 5504K, reserved 1056768K
  class space    used 499K, capacity 529K, committed 640K, reserved 1048576K

Deoptimization events (0 events):
No events

Classes redefined (2 events):
Event: 4,007 Thread 0x00007fbca40ff000 redefined class name=bellman.GridWorld_sql, count=1
Event: 85,285 Thread 0x00007fbca40ff000 redefined class name=bellman.GridWorld_sql, count=2

Internal exceptions (2 events):
Event: 0,227 Thread 0x00007fbca400e000 Exception <a 'java/lang/NoSuchMethodError': Method sun.misc.Unsafe.defineClass(Ljava/lang/String;[BII)Ljava/lang/Class; name or signature does not match> (0x00000000e6707cb0) thrown at [/build/openjdk-8-yxDDQ4/openjdk-8-8u191-b12/src/hotspot/src/share/vm/
Event: 0,227 Thread 0x00007fbca400e000 Exception <a 'java/lang/NoSuchMethodError': Method sun.misc.Unsafe.prefetchRead(Ljava/lang/Object;J)V name or signature does not match> (0x00000000e6707f98) thrown at [/build/openjdk-8-yxDDQ4/openjdk-8-8u191-b12/src/hotspot/src/share/vm/prims/jni.cpp, lin

Events (10 events):
Event: 75,146 Executing VM operation: ParallelGCFailedAllocation done
Event: 82,118 Executing VM operation: ParallelGCFailedAllocation
Event: 82,119 Executing VM operation: ParallelGCFailedAllocation done
Event: 85,249 Executing VM operation: RedefineClasses
Event: 85,285 Executing VM operation: RedefineClasses done
Event: 91,825 Executing VM operation: ParallelGCFailedAllocation
Event: 91,826 Executing VM operation: ParallelGCFailedAllocation done
Event: 98,462 Executing VM operation: ParallelGCFailedAllocation
Event: 98,463 Executing VM operation: ParallelGCFailedAllocation done
Event: 105,467 Executing VM operation: ParallelGCFailedAllocation


Dynamic libraries:
00400000-00401000 r-xp 00000000 08:01 265877                             /usr/lib/jvm/java-8-openjdk-amd64/jre/bin/java
00600000-00601000 r--p 00000000 08:01 265877                             /usr/lib/jvm/java-8-openjdk-amd64/jre/bin/java
00601000-00602000 rw-p 00001000 08:01 265877                             /usr/lib/jvm/java-8-openjdk-amd64/jre/bin/java
014f5000-01516000 rw-p 00000000 00:00 0                                  [heap]
b3400000-b6800000 rw-p 00000000 00:00 0 
b6800000-e6700000 ---p 00000000 00:00 0 
e6700000-eb400000 rw-p 00000000 00:00 0 
ec280000-100000000 ---p 00000000 00:00 0 
100000000-1000a0000 rw-p 00000000 00:00 0 
1000a0000-140000000 ---p 00000000 00:00 0 
7fbc5c000000-7fbc5c021000 rw-p 00000000 00:00 0 
7fbc5c021000-7fbc60000000 ---p 00000000 00:00 0 
7fbc60000000-7fbc60021000 rw-p 00000000 00:00 0 
7fbc60021000-7fbc64000000 ---p 00000000 00:00 0 
7fbc64000000-7fbc648e1000 rw-p 00000000 00:00 0 
7fbc648e1000-7fbc68000000 ---p 00000000 00:00 0 
7fbc68000000-7fbc68565000 rw-p 00000000 00:00 0 
7fbc68565000-7fbc6c000000 ---p 00000000 00:00 0 
7fbc6c000000-7fbc6c021000 rw-p 00000000 00:00 0 
7fbc6c021000-7fbc70000000 ---p 00000000 00:00 0 
7fbc70000000-7fbc70021000 rw-p 00000000 00:00 0 
7fbc70021000-7fbc74000000 ---p 00000000 00:00 0 
7fbc74000000-7fbc74021000 rw-p 00000000 00:00 0 
7fbc74021000-7fbc78000000 ---p 00000000 00:00 0 
7fbc78000000-7fbc78021000 rw-p 00000000 00:00 0 
7fbc78021000-7fbc7c000000 ---p 00000000 00:00 0 
7fbc7c000000-7fbc7c021000 rw-p 00000000 00:00 0 
7fbc7c021000-7fbc80000000 ---p 00000000 00:00 0 
7fbc80000000-7fbc80021000 rw-p 00000000 00:00 0 
7fbc80021000-7fbc84000000 ---p 00000000 00:00 0 
7fbc84000000-7fbc84021000 rw-p 00000000 00:00 0 
7fbc84021000-7fbc88000000 ---p 00000000 00:00 0 
7fbc88000000-7fbc88021000 rw-p 00000000 00:00 0 
7fbc88021000-7fbc8c000000 ---p 00000000 00:00 0 
7fbc8c000000-7fbc8c021000 rw-p 00000000 00:00 0 
7fbc8c021000-7fbc90000000 ---p 00000000 00:00 0 
7fbc90186000-7fbc9018d000 r--s 00000000 08:01 3452                       /usr/lib/x86_64-linux-gnu/gconv/gconv-modules.cache
7fbc9018d000-7fbc901b3000 r--p 00000000 08:01 282189                     /usr/share/locale-langpack/fr/LC_MESSAGES/libc.mo
7fbc901b3000-7fbc901b4000 ---p 00000000 00:00 0 
7fbc901b4000-7fbc902b4000 rw-p 00000000 00:00 0 
7fbc902b4000-7fbc902b7000 ---p 00000000 00:00 0 
7fbc902b7000-7fbc903b5000 rw-p 00000000 00:00 0 
7fbc903b5000-7fbc903b8000 ---p 00000000 00:00 0 
7fbc903b8000-7fbc904b6000 rw-p 00000000 00:00 0 
7fbc904b6000-7fbc904b9000 ---p 00000000 00:00 0 
7fbc904b9000-7fbc905b7000 rw-p 00000000 00:00 0 
7fbc905b7000-7fbc905b9000 r--s 00016000 08:01 265940                     /usr/lib/jvm/java-8-openjdk-amd64/jre/lib/jce.jar
7fbc905b9000-7fbc905be000 r--s 000a0000 08:01 265957                     /usr/lib/jvm/java-8-openjdk-amd64/jre/lib/jsse.jar
7fbc905be000-7fbc905c1000 r--s 0001d000 08:01 155108                     /home/s/.eclipse/360744347_linux_gtk_x86_64/configuration/org.eclipse.osgi/232/0/.cp/lib/javaagent-shaded.jar
7fbc905c1000-7fbc905c6000 r--s 002f9000 08:01 265948                     /usr/lib/jvm/java-8-openjdk-amd64/jre/lib/charsets.jar
7fbc905c6000-7fbc905cb000 r--s 000a0000 08:01 265957                     /usr/lib/jvm/java-8-openjdk-amd64/jre/lib/jsse.jar
7fbc905cb000-7fbc905de000 r--s 00346000 08:01 265899                     /usr/lib/jvm/java-8-openjdk-amd64/jre/lib/resources.jar
7fbc905de000-7fbc905e1000 ---p 00000000 00:00 0 
7fbc905e1000-7fbc906df000 rw-p 00000000 00:00 0 
7fbc906df000-7fbc906e2000 ---p 00000000 00:00 0 
7fbc906e2000-7fbc907e0000 rw-p 00000000 00:00 0 
7fbc907e0000-7fbc907e3000 ---p 00000000 00:00 0 
7fbc907e3000-7fbc908e1000 rw-p 00000000 00:00 0 
7fbc908e1000-7fbc908e5000 r-xp 00000000 08:01 265937                     /usr/lib/jvm/java-8-openjdk-amd64/jre/lib/amd64/libdt_socket.so
7fbc908e5000-7fbc90ae4000 ---p 00004000 08:01 265937                     /usr/lib/jvm/java-8-openjdk-amd64/jre/lib/amd64/libdt_socket.so
7fbc90ae4000-7fbc90ae5000 r--p 00003000 08:01 265937                     /usr/lib/jvm/java-8-openjdk-amd64/jre/lib/amd64/libdt_socket.so
7fbc90ae5000-7fbc90ae6000 rw-p 00004000 08:01 265937                     /usr/lib/jvm/java-8-openjdk-amd64/jre/lib/amd64/libdt_socket.so
7fbc90ae6000-7fbc90ae9000 ---p 00000000 00:00 0 
7fbc90ae9000-7fbc90be7000 rw-p 00000000 00:00 0 
7fbc90be7000-7fbc90bea000 ---p 00000000 00:00 0 
7fbc90bea000-7fbc90ce8000 rw-p 00000000 00:00 0 
7fbc90ce8000-7fbc90ceb000 ---p 00000000 00:00 0 
7fbc90ceb000-7fbc90de9000 rw-p 00000000 00:00 0 
7fbc90de9000-7fbc90dea000 ---p 00000000 00:00 0 
7fbc90dea000-7fbc917f3000 rw-p 00000000 00:00 0 
7fbc917f3000-7fbc919c2000 r--s 03c33000 08:01 265888                     /usr/lib/jvm/java-8-openjdk-amd64/jre/lib/rt.jar
7fbc919c2000-7fbc91ef8000 rw-p 00000000 00:00 0 
7fbc91ef8000-7fbc92238000 ---p 00000000 00:00 0 
7fbc92238000-7fbc94afe000 rw-p 00000000 00:00 0 
7fbc94afe000-7fbc94aff000 ---p 00000000 00:00 0 
7fbc94aff000-7fbc94c19000 rw-p 00000000 00:00 0 
7fbc94c19000-7fbc94d99000 ---p 00000000 00:00 0 
7fbc94d99000-7fbc94db3000 rw-p 00000000 00:00 0 
7fbc94db3000-7fbc94f32000 ---p 00000000 00:00 0 
7fbc94f32000-7fbc94f59000 rw-p 00000000 00:00 0 
7fbc94f59000-7fbc94fff000 ---p 00000000 00:00 0 
7fbc94fff000-7fbc95000000 rw-p 00000000 00:00 0 
7fbc95000000-7fbc95270000 rwxp 00000000 00:00 0 
7fbc95270000-7fbca4000000 ---p 00000000 00:00 0 
7fbca4000000-7fbca4365000 rw-p 00000000 00:00 0 
7fbca4365000-7fbca8000000 ---p 00000000 00:00 0 
7fbca8000000-7fbca8002000 r--s 00016000 08:01 265940                     /usr/lib/jvm/java-8-openjdk-amd64/jre/lib/jce.jar
7fbca8002000-7fbca800c000 r--s 00116000 08:01 265889                     /usr/lib/jvm/java-8-openjdk-amd64/jre/lib/ext/localedata.jar
7fbca800c000-7fbca8027000 r--s 00394000 08:01 265892                     /usr/lib/jvm/java-8-openjdk-amd64/jre/lib/ext/cldrdata.jar
7fbca8027000-7fbca8028000 ---p 00000000 00:00 0 
7fbca8028000-7fbca8132000 rw-p 00000000 00:00 0 
7fbca8132000-7fbca84e8000 ---p 00000000 00:00 0 
7fbca84e8000-7fbca84f0000 r-xp 00000000 08:01 265934                     /usr/lib/jvm/java-8-openjdk-amd64/jre/lib/amd64/libzip.so
7fbca84f0000-7fbca86ef000 ---p 00008000 08:01 265934                     /usr/lib/jvm/java-8-openjdk-amd64/jre/lib/amd64/libzip.so
7fbca86ef000-7fbca86f0000 r--p 00007000 08:01 265934                     /usr/lib/jvm/java-8-openjdk-amd64/jre/lib/amd64/libzip.so
7fbca86f0000-7fbca86f1000 rw-p 00008000 08:01 265934                     /usr/lib/jvm/java-8-openjdk-amd64/jre/lib/amd64/libzip.so
7fbca86f1000-7fbca86fc000 r-xp 00000000 08:01 138228                     /lib/x86_64-linux-gnu/libnss_files-2.23.so
7fbca86fc000-7fbca88fb000 ---p 0000b000 08:01 138228                     /lib/x86_64-linux-gnu/libnss_files-2.23.so
7fbca88fb000-7fbca88fc000 r--p 0000a000 08:01 138228                     /lib/x86_64-linux-gnu/libnss_files-2.23.so
7fbca88fc000-7fbca88fd000 rw-p 0000b000 08:01 138228                     /lib/x86_64-linux-gnu/libnss_files-2.23.so
7fbca88fd000-7fbca8903000 rw-p 00000000 00:00 0 
7fbca8903000-7fbca890e000 r-xp 00000000 08:01 138232                     /lib/x86_64-linux-gnu/libnss_nis-2.23.so
7fbca890e000-7fbca8b0d000 ---p 0000b000 08:01 138232                     /lib/x86_64-linux-gnu/libnss_nis-2.23.so
7fbca8b0d000-7fbca8b0e000 r--p 0000a000 08:01 138232                     /lib/x86_64-linux-gnu/libnss_nis-2.23.so
7fbca8b0e000-7fbca8b0f000 rw-p 0000b000 08:01 138232                     /lib/x86_64-linux-gnu/libnss_nis-2.23.so
7fbca8b0f000-7fbca8b25000 r-xp 00000000 08:01 138212                     /lib/x86_64-linux-gnu/libnsl-2.23.so
7fbca8b25000-7fbca8d24000 ---p 00016000 08:01 138212                     /lib/x86_64-linux-gnu/libnsl-2.23.so
7fbca8d24000-7fbca8d25000 r--p 00015000 08:01 138212                     /lib/x86_64-linux-gnu/libnsl-2.23.so
7fbca8d25000-7fbca8d26000 rw-p 00016000 08:01 138212                     /lib/x86_64-linux-gnu/libnsl-2.23.so
7fbca8d26000-7fbca8d28000 rw-p 00000000 00:00 0 
7fbca8d28000-7fbca8d30000 r-xp 00000000 08:01 138223                     /lib/x86_64-linux-gnu/libnss_compat-2.23.so
7fbca8d30000-7fbca8f2f000 ---p 00008000 08:01 138223                     /lib/x86_64-linux-gnu/libnss_compat-2.23.so
7fbca8f2f000-7fbca8f30000 r--p 00007000 08:01 138223                     /lib/x86_64-linux-gnu/libnss_compat-2.23.so
7fbca8f30000-7fbca8f31000 rw-p 00008000 08:01 138223                     /lib/x86_64-linux-gnu/libnss_compat-2.23.so
7fbca8f31000-7fbca8f3b000 r-xp 00000000 08:01 265905                     /usr/lib/jvm/java-8-openjdk-amd64/jre/lib/amd64/libinstrument.so
7fbca8f3b000-7fbca913a000 ---p 0000a000 08:01 265905                     /usr/lib/jvm/java-8-openjdk-amd64/jre/lib/amd64/libinstrument.so
7fbca913a000-7fbca913b000 r--p 00009000 08:01 265905                     /usr/lib/jvm/java-8-openjdk-amd64/jre/lib/amd64/libinstrument.so
7fbca913b000-7fbca913c000 rw-p 0000a000 08:01 265905                     /usr/lib/jvm/java-8-openjdk-amd64/jre/lib/amd64/libinstrument.so
7fbca913c000-7fbca9419000 r--p 00000000 08:01 396679                     /usr/lib/locale/locale-archive
7fbca9419000-7fbca941b000 r-xp 00000000 08:01 265919                     /usr/lib/jvm/java-8-openjdk-amd64/jre/lib/amd64/libnpt.so
7fbca941b000-7fbca961b000 ---p 00002000 08:01 265919                     /usr/lib/jvm/java-8-openjdk-amd64/jre/lib/amd64/libnpt.so
7fbca961b000-7fbca961c000 r--p 00002000 08:01 265919                     /usr/lib/jvm/java-8-openjdk-amd64/jre/lib/amd64/libnpt.so
7fbca961c000-7fbca961d000 rw-p 00003000 08:01 265919                     /usr/lib/jvm/java-8-openjdk-amd64/jre/lib/amd64/libnpt.so
7fbca961d000-7fbca9658000 r-xp 00000000 08:01 265908                     /usr/lib/jvm/java-8-openjdk-amd64/jre/lib/amd64/libjdwp.so
7fbca9658000-7fbca9858000 ---p 0003b000 08:01 265908                     /usr/lib/jvm/java-8-openjdk-amd64/jre/lib/amd64/libjdwp.so
7fbca9858000-7fbca9859000 r--p 0003b000 08:01 265908                     /usr/lib/jvm/java-8-openjdk-amd64/jre/lib/amd64/libjdwp.so
7fbca9859000-7fbca985a000 rw-p 0003c000 08:01 265908                     /usr/lib/jvm/java-8-openjdk-amd64/jre/lib/amd64/libjdwp.so
7fbca985a000-7fbca9887000 r-xp 00000000 08:01 265939                     /usr/lib/jvm/java-8-openjdk-amd64/jre/lib/amd64/libjava.so
7fbca9887000-7fbca9a86000 ---p 0002d000 08:01 265939                     /usr/lib/jvm/java-8-openjdk-amd64/jre/lib/amd64/libjava.so
7fbca9a86000-7fbca9a87000 r--p 0002c000 08:01 265939                     /usr/lib/jvm/java-8-openjdk-amd64/jre/lib/amd64/libjava.so
7fbca9a87000-7fbca9a89000 rw-p 0002d000 08:01 265939                     /usr/lib/jvm/java-8-openjdk-amd64/jre/lib/amd64/libjava.so
7fbca9a89000-7fbca9a98000 r-xp 00000000 08:01 265920                     /usr/lib/jvm/java-8-openjdk-amd64/jre/lib/amd64/libverify.so
7fbca9a98000-7fbca9c97000 ---p 0000f000 08:01 265920                     /usr/lib/jvm/java-8-openjdk-amd64/jre/lib/amd64/libverify.so
7fbca9c97000-7fbca9c99000 r--p 0000e000 08:01 265920                     /usr/lib/jvm/java-8-openjdk-amd64/jre/lib/amd64/libverify.so
7fbca9c99000-7fbca9c9a000 rw-p 00010000 08:01 265920                     /usr/lib/jvm/java-8-openjdk-amd64/jre/lib/amd64/libverify.so
7fbca9c9a000-7fbca9ca1000 r-xp 00000000 08:01 138233                     /lib/x86_64-linux-gnu/librt-2.23.so
7fbca9ca1000-7fbca9ea0000 ---p 00007000 08:01 138233                     /lib/x86_64-linux-gnu/librt-2.23.so
7fbca9ea0000-7fbca9ea1000 r--p 00006000 08:01 138233                     /lib/x86_64-linux-gnu/librt-2.23.so
7fbca9ea1000-7fbca9ea2000 rw-p 00007000 08:01 138233                     /lib/x86_64-linux-gnu/librt-2.23.so
7fbca9ea2000-7fbca9eb8000 r-xp 00000000 08:01 137371                     /lib/x86_64-linux-gnu/libgcc_s.so.1
7fbca9eb8000-7fbcaa0b7000 ---p 00016000 08:01 137371                     /lib/x86_64-linux-gnu/libgcc_s.so.1
7fbcaa0b7000-7fbcaa0b8000 rw-p 00015000 08:01 137371                     /lib/x86_64-linux-gnu/libgcc_s.so.1
7fbcaa0b8000-7fbcaa1c0000 r-xp 00000000 08:01 138211                     /lib/x86_64-linux-gnu/libm-2.23.so
7fbcaa1c0000-7fbcaa3bf000 ---p 00108000 08:01 138211                     /lib/x86_64-linux-gnu/libm-2.23.so
7fbcaa3bf000-7fbcaa3c0000 r--p 00107000 08:01 138211                     /lib/x86_64-linux-gnu/libm-2.23.so
7fbcaa3c0000-7fbcaa3c1000 rw-p 00108000 08:01 138211                     /lib/x86_64-linux-gnu/libm-2.23.so
7fbcaa3c1000-7fbcaa533000 r-xp 00000000 08:01 393601                     /usr/lib/x86_64-linux-gnu/libstdc++.so.6.0.21
7fbcaa533000-7fbcaa733000 ---p 00172000 08:01 393601                     /usr/lib/x86_64-linux-gnu/libstdc++.so.6.0.21
7fbcaa733000-7fbcaa73d000 r--p 00172000 08:01 393601                     /usr/lib/x86_64-linux-gnu/libstdc++.so.6.0.21
7fbcaa73d000-7fbcaa73f000 rw-p 0017c000 08:01 393601                     /usr/lib/x86_64-linux-gnu/libstdc++.so.6.0.21
7fbcaa73f000-7fbcaa743000 rw-p 00000000 00:00 0 
7fbcaa743000-7fbcab3a4000 r-xp 00000000 08:01 265913                     /usr/lib/jvm/java-8-openjdk-amd64/jre/lib/amd64/server/libjvm.so
7fbcab3a4000-7fbcab5a4000 ---p 00c61000 08:01 265913                     /usr/lib/jvm/java-8-openjdk-amd64/jre/lib/amd64/server/libjvm.so
7fbcab5a4000-7fbcab638000 r--p 00c61000 08:01 265913                     /usr/lib/jvm/java-8-openjdk-amd64/jre/lib/amd64/server/libjvm.so
7fbcab638000-7fbcab661000 rw-p 00cf5000 08:01 265913                     /usr/lib/jvm/java-8-openjdk-amd64/jre/lib/amd64/server/libjvm.so
7fbcab661000-7fbcab691000 rw-p 00000000 00:00 0 
7fbcab691000-7fbcab6a9000 r-xp 00000000 08:01 138214                     /lib/x86_64-linux-gnu/libpthread-2.23.so
7fbcab6a9000-7fbcab8a8000 ---p 00018000 08:01 138214                     /lib/x86_64-linux-gnu/libpthread-2.23.so
7fbcab8a8000-7fbcab8a9000 r--p 00017000 08:01 138214                     /lib/x86_64-linux-gnu/libpthread-2.23.so
7fbcab8a9000-7fbcab8aa000 rw-p 00018000 08:01 138214                     /lib/x86_64-linux-gnu/libpthread-2.23.so
7fbcab8aa000-7fbcab8ae000 rw-p 00000000 00:00 0 
7fbcab8ae000-7fbcab8b1000 r-xp 00000000 08:01 138217                     /lib/x86_64-linux-gnu/libdl-2.23.so
7fbcab8b1000-7fbcabab0000 ---p 00003000 08:01 138217                     /lib/x86_64-linux-gnu/libdl-2.23.so
7fbcabab0000-7fbcabab1000 r--p 00002000 08:01 138217                     /lib/x86_64-linux-gnu/libdl-2.23.so
7fbcabab1000-7fbcabab2000 rw-p 00003000 08:01 138217                     /lib/x86_64-linux-gnu/libdl-2.23.so
7fbcabab2000-7fbcabacb000 r-xp 00000000 08:01 137524                     /lib/x86_64-linux-gnu/libz.so.1.2.8
7fbcabacb000-7fbcabcca000 ---p 00019000 08:01 137524                     /lib/x86_64-linux-gnu/libz.so.1.2.8
7fbcabcca000-7fbcabccb000 r--p 00018000 08:01 137524                     /lib/x86_64-linux-gnu/libz.so.1.2.8
7fbcabccb000-7fbcabccc000 rw-p 00019000 08:01 137524                     /lib/x86_64-linux-gnu/libz.so.1.2.8
7fbcabccc000-7fbcabe8c000 r-xp 00000000 08:01 138215                     /lib/x86_64-linux-gnu/libc-2.23.so
7fbcabe8c000-7fbcac08c000 ---p 001c0000 08:01 138215                     /lib/x86_64-linux-gnu/libc-2.23.so
7fbcac08c000-7fbcac090000 r--p 001c0000 08:01 138215                     /lib/x86_64-linux-gnu/libc-2.23.so
7fbcac090000-7fbcac092000 rw-p 001c4000 08:01 138215                     /lib/x86_64-linux-gnu/libc-2.23.so
7fbcac092000-7fbcac096000 rw-p 00000000 00:00 0 
7fbcac096000-7fbcac0a3000 r-xp 00000000 08:01 265925                     /usr/lib/jvm/java-8-openjdk-amd64/jre/lib/amd64/jli/libjli.so
7fbcac0a3000-7fbcac2a3000 ---p 0000d000 08:01 265925                     /usr/lib/jvm/java-8-openjdk-amd64/jre/lib/amd64/jli/libjli.so
7fbcac2a3000-7fbcac2a4000 r--p 0000d000 08:01 265925                     /usr/lib/jvm/java-8-openjdk-amd64/jre/lib/amd64/jli/libjli.so
7fbcac2a4000-7fbcac2a5000 rw-p 0000e000 08:01 265925                     /usr/lib/jvm/java-8-openjdk-amd64/jre/lib/amd64/jli/libjli.so
7fbcac2a5000-7fbcac2cb000 r-xp 00000000 08:01 138213                     /lib/x86_64-linux-gnu/ld-2.23.so
7fbcac2cb000-7fbcac2cc000 r--s 00008000 08:01 179116                     /home/s/Bureau/Git/Java/IA/jama-1.0.3.jar
7fbcac2cc000-7fbcac2cf000 r--s 00038000 08:01 265896                     /usr/lib/jvm/java-8-openjdk-amd64/jre/lib/ext/sunpkcs11.jar
7fbcac2cf000-7fbcac2d2000 r--s 0000f000 08:01 265890                     /usr/lib/jvm/java-8-openjdk-amd64/jre/lib/ext/icedtea-sound.jar
7fbcac2d2000-7fbcac2ed000 r--s 001d6000 08:01 265891                     /usr/lib/jvm/java-8-openjdk-amd64/jre/lib/ext/nashorn.jar
7fbcac2ed000-7fbcac3ae000 rw-p 00000000 00:00 0 
7fbcac3ae000-7fbcac3b1000 ---p 00000000 00:00 0 
7fbcac3b1000-7fbcac4b3000 rw-p 00000000 00:00 0 
7fbcac4b3000-7fbcac4b4000 r--s 0000a000 08:01 265895                     /usr/lib/jvm/java-8-openjdk-amd64/jre/lib/ext/jaccess.jar
7fbcac4b4000-7fbcac4b6000 r--s 00008000 08:01 265894                     /usr/lib/jvm/java-8-openjdk-amd64/jre/lib/ext/sunec.jar
7fbcac4b6000-7fbcac4bc000 r--s 0003b000 08:01 265893                     /usr/lib/jvm/java-8-openjdk-amd64/jre/lib/ext/sunjce_provider.jar
7fbcac4bc000-7fbcac4bd000 r--s 00010000 08:01 265897                     /usr/lib/jvm/java-8-openjdk-amd64/jre/lib/ext/zipfs.jar
7fbcac4bd000-7fbcac4bf000 r--s 00001000 08:01 265898                     /usr/lib/jvm/java-8-openjdk-amd64/jre/lib/ext/dnsns.jar
7fbcac4bf000-7fbcac4c7000 rw-s 00000000 08:01 667659                     /tmp/hsperfdata_s/8812
7fbcac4c7000-7fbcac4c8000 rw-p 00000000 00:00 0 
7fbcac4c8000-7fbcac4c9000 ---p 00000000 00:00 0 
7fbcac4c9000-7fbcac4ca000 rw-p 00000000 00:00 0 
7fbcac4ca000-7fbcac4cb000 r--p 00025000 08:01 138213                     /lib/x86_64-linux-gnu/ld-2.23.so
7fbcac4cb000-7fbcac4cc000 rw-p 00026000 08:01 138213                     /lib/x86_64-linux-gnu/ld-2.23.so
7fbcac4cc000-7fbcac4cd000 rw-p 00000000 00:00 0 
7ffc1a86b000-7ffc1a88c000 rw-p 00000000 00:00 0                          [stack]
7ffc1a9cd000-7ffc1a9d0000 r--p 00000000 00:00 0                          [vvar]
7ffc1a9d0000-7ffc1a9d2000 r-xp 00000000 00:00 0                          [vdso]
ffffffffff600000-ffffffffff601000 r-xp 00000000 00:00 0                  [vsyscall]

VM Arguments:
jvm_args: -agentlib:jdwp=transport=dt_socket,suspend=y,address=localhost:35013 -javaagent:/home/s/.eclipse/360744347_linux_gtk_x86_64/configuration/org.eclipse.osgi/232/0/.cp/lib/javaagent-shaded.jar -Dfile.encoding=UTF-8 
java_command: bellman.GridWorld_sql
java_class_path (initial): /usr/lib/jvm/java-8-openjdk-amd64/jre/lib/resources.jar:/usr/lib/jvm/java-8-openjdk-amd64/jre/lib/rt.jar:/usr/lib/jvm/java-8-openjdk-amd64/jre/lib/jsse.jar:/usr/lib/jvm/java-8-openjdk-amd64/jre/lib/jce.jar:/usr/lib/jvm/java-8-openjdk-amd64/jre/lib/charsets.jar:/usr/lib/jvm/java-8-openjdk-amd64/jre/lib/ext/dnsns.jar:/usr/lib/jvm/java-8-openjdk-amd64/jre/lib/ext/nashorn.jar:/usr/lib/jvm/java-8-openjdk-amd64/jre/lib/ext/zipfs.jar:/usr/lib/jvm/java-8-openjdk-amd64/jre/lib/ext/sunjce_provider.jar:/usr/lib/jvm/java-8-openjdk-amd64/jre/lib/ext/cldrdata.jar:/usr/lib/jvm/java-8-openjdk-amd64/jre/lib/ext/sunec.jar:/usr/lib/jvm/java-8-openjdk-amd64/jre/lib/ext/icedtea-sound.jar:/usr/lib/jvm/java-8-openjdk-amd64/jre/lib/ext/localedata.jar:/usr/lib/jvm/java-8-openjdk-amd64/jre/lib/ext/sunpkcs11.jar:/usr/lib/jvm/java-8-openjdk-amd64/jre/lib/ext/jaccess.jar:/home/s/Bureau/Git/Java/Programmes_java/TP_P2/bin:/home/s/Bureau/Git/Java/IA/jama-1.0.3.jar:/home/s/.eclipse/360744347_linux_gtk_x86_64/configuration/org.eclipse.osgi/232/0/.cp/lib/javaagent-shaded.jar
Launcher Type: SUN_STANDARD

Environment Variables:
PATH=/home/s/bin:/home/s/.local/bin:/usr/local/sbin:/usr/local/bin:/usr/sbin:/usr/bin:/sbin:/bin:/usr/games:/usr/local/games:/snap/bin
SHELL=/bin/bash
DISPLAY=:0

Signal Handlers:
SIGSEGV: [libjvm.so+0xa74e00], sa_mask[0]=11111111011111111101111111111110, sa_flags=SA_RESTART|SA_SIGINFO
SIGBUS: [libjvm.so+0xa74e00], sa_mask[0]=11111111011111111101111111111110, sa_flags=SA_RESTART|SA_SIGINFO
SIGFPE: [libjvm.so+0x8bbe10], sa_mask[0]=11111111011111111101111111111110, sa_flags=SA_RESTART|SA_SIGINFO
SIGPIPE: [libjvm.so+0x8bbe10], sa_mask[0]=11111111011111111101111111111110, sa_flags=SA_RESTART|SA_SIGINFO
SIGXFSZ: [libjvm.so+0x8bbe10], sa_mask[0]=11111111011111111101111111111110, sa_flags=SA_RESTART|SA_SIGINFO
SIGILL: [libjvm.so+0x8bbe10], sa_mask[0]=11111111011111111101111111111110, sa_flags=SA_RESTART|SA_SIGINFO
SIGUSR1: SIG_DFL, sa_mask[0]=00000000000000000000000000000000, sa_flags=none
SIGUSR2: [libjvm.so+0x8bbcc0], sa_mask[0]=00100000000000000000000000000000, sa_flags=SA_RESTART|SA_SIGINFO
SIGHUP: [libjvm.so+0x8bc350], sa_mask[0]=11111111011111111101111111111110, sa_flags=SA_RESTART|SA_SIGINFO
SIGINT: [libjvm.so+0x8bc350], sa_mask[0]=11111111011111111101111111111110, sa_flags=SA_RESTART|SA_SIGINFO
SIGTERM: [libjvm.so+0x8bc350], sa_mask[0]=11111111011111111101111111111110, sa_flags=SA_RESTART|SA_SIGINFO
SIGQUIT: [libjvm.so+0x8bc350], sa_mask[0]=11111111011111111101111111111110, sa_flags=SA_RESTART|SA_SIGINFO


---------------  S Y S T E M  ---------------

OS:DISTRIB_ID=Ubuntu
DISTRIB_RELEASE=16.04
DISTRIB_CODENAME=xenial
DISTRIB_DESCRIPTION="Ubuntu 16.04.5 LTS"

uname:Linux 4.15.0-43-generic #46~16.04.1-Ubuntu SMP Fri Dec 7 13:31:08 UTC 2018 x86_64
libc:glibc 2.23 NPTL 2.23 
rlimit: STACK 8192k, CORE 0k, NPROC 19390, NOFILE 1048576, AS infinity
load average:14,65 6,67 3,47

/proc/meminfo:
MemTotal:        5023596 kB
MemFree:           92516 kB
MemAvailable:          0 kB
Buffers:             240 kB
Cached:           154148 kB
SwapCached:          240 kB
Active:          4078972 kB
Inactive:         694204 kB
Active(anon):    4073676 kB
Inactive(anon):   679096 kB
Active(file):       5296 kB
Inactive(file):    15108 kB
Unevictable:          96 kB
Mlocked:              96 kB
SwapTotal:        199676 kB
SwapFree:              0 kB
Dirty:               216 kB
Writeback:           188 kB
AnonPages:       4618716 kB
Mapped:           149436 kB
Shmem:            133912 kB
Slab:              58908 kB
SReclaimable:      24692 kB
SUnreclaim:        34216 kB
KernelStack:       15920 kB
PageTables:        49720 kB
NFS_Unstable:          0 kB
Bounce:                0 kB
WritebackTmp:          0 kB
CommitLimit:     2711472 kB
Committed_AS:   10584532 kB
VmallocTotal:   34359738367 kB
VmallocUsed:           0 kB
VmallocChunk:          0 kB
HardwareCorrupted:     0 kB
AnonHugePages:      2048 kB
ShmemHugePages:        0 kB
ShmemPmdMapped:        0 kB
CmaTotal:              0 kB
CmaFree:               0 kB
HugePages_Total:       0
HugePages_Free:        0
HugePages_Rsvd:        0
HugePages_Surp:        0
Hugepagesize:       2048 kB
DirectMap4k:       97216 kB
DirectMap2M:     5097472 kB

container (cgroup) information:
container_type: cgroupv1
cpu_cpuset_cpus: 0-1
cpu_memory_nodes: 0
active_processor_count: 2
cpu_quota: -1
cpu_period: 100000
cpu_shares: -1
memory_limit_in_bytes: -1
memory_and_swap_limit_in_bytes: -2
memory_soft_limit_in_bytes: -1
memory_usage_in_bytes: 4888502272
memory_max_usage_in_bytes: 0


CPU:total 2 (initial active 2) (2 cores per cpu, 1 threads per core) family 6 model 94 stepping 3, cmov, cx8, fxsr, mmx, sse, sse2, sse3, ssse3, sse4.1, sse4.2, popcnt, avx, avx2, aes, clmul, 3dnowpref, lzcnt, tsc, tscinvbit

/proc/cpuinfo:
processor	: 0
vendor_id	: GenuineIntel
cpu family	: 6
model		: 94
model name	: Intel(R) Core(TM) i3-6100 CPU @ 3.70GHz
stepping	: 3
cpu MHz		: 3696.004
cache size	: 3072 KB
physical id	: 0
siblings	: 2
core id		: 0
cpu cores	: 2
apicid		: 0
initial apicid	: 0
fpu		: yes
fpu_exception	: yes
cpuid level	: 22
wp		: yes
flags		: fpu vme de pse tsc msr pae mce cx8 apic sep mtrr pge mca cmov pat pse36 clflush mmx fxsr sse sse2 ht syscall nx rdtscp lm constant_tsc rep_good nopl xtopology nonstop_tsc cpuid pni pclmulqdq ssse3 cx16 pcid sse4_1 sse4_2 x2apic movbe popcnt aes xsave avx rdrand hypervisor lahf_lm abm 3dnowprefetch invpcid_single pti fsgsbase avx2 invpcid rdseed clflushopt
bugs		: cpu_meltdown spectre_v1 spectre_v2 spec_store_bypass l1tf
bogomips	: 7392.00
clflush size	: 64
cache_alignment	: 64
address sizes	: 39 bits physical, 48 bits virtual
power management:

processor	: 1
vendor_id	: GenuineIntel
cpu family	: 6
model		: 94
model name	: Intel(R) Core(TM) i3-6100 CPU @ 3.70GHz
stepping	: 3
cpu MHz		: 3696.004
cache size	: 3072 KB
physical id	: 0
siblings	: 2
core id		: 1
cpu cores	: 2
apicid		: 1
initial apicid	: 1
fpu		: yes
fpu_exception	: yes
cpuid level	: 22
wp		: yes
flags		: fpu vme de pse tsc msr pae mce cx8 apic sep mtrr pge mca cmov pat pse36 clflush mmx fxsr sse sse2 ht syscall nx rdtscp lm constant_tsc rep_good nopl xtopology nonstop_tsc cpuid pni pclmulqdq ssse3 cx16 pcid sse4_1 sse4_2 x2apic movbe popcnt aes xsave avx rdrand hypervisor lahf_lm abm 3dnowprefetch invpcid_single pti fsgsbase avx2 invpcid rdseed clflushopt
bugs		: cpu_meltdown spectre_v1 spectre_v2 spec_store_bypass l1tf
bogomips	: 7392.00
clflush size	: 64
cache_alignment	: 64
address sizes	: 39 bits physical, 48 bits virtual
power management:



Memory: 4k page, physical 5023596k(92144k free), swap 199676k(0k free)

vm_info: OpenJDK 64-Bit Server VM (25.191-b12) for linux-amd64 JRE (1.8.0_191-8u191-b12-0ubuntu0.16.04.1-b12), built on Nov 20 2018 15:24:40 by "buildd" with gcc 5.4.0 20160609

time: Tue Jan  1 18:58:47 2019
elapsed time: 118 seconds (0d 0h 1m 58s)

